<!DOCTYPE html PUBLIC "-//W3C//DTD XHTML 1.1//EN" "https://www.w3.org/TR/xhtml11/DTD/xhtml11.dtd">
<html xmlns="https://www.w3.org/1999/xhtml">
<head>
<meta http-equiv="content-type" content="text/html; charset=UTF-8"/>
<title>TestNG Report</title>
<style type="text/css">table {margin-bottom:10px;border-collapse:collapse;empty-cells:show}th,td {border:1px solid #009;padding:.25em .5em}th {vertical-align:bottom}td {vertical-align:top}table a {font-weight:bold}.stripe td {background-color: #E6EBF9}.num {text-align:right}.passedodd td {background-color: #3F3}.passedeven td {background-color: #0A0}.skippedodd td {background-color: #DDD}.skippedeven td {background-color: #CCC}.failedodd td,.attn {background-color: #F33}.failedeven td,.stripe .attn {background-color: #D00}.stacktrace {white-space:pre;font-family:monospace}.totop {font-size:85%;text-align:center;border-bottom:2px solid #000}.invisible {display:none}</style>
</head>
<body>
<table>
<tr><th>Test</th><th># Passed</th><th># Skipped</th><th># Retried</th><th># Failed</th><th>Time (ms)</th><th>Included Groups</th><th>Excluded Groups</th></tr>
<tr><th colspan="8">Suite</th></tr>
<tr><td><a href="#t0">Test</a></td><td class="num">14</td><td class="num">0</td><td class="num">0</td><td class="num attn">2</td><td class="num">336,142</td><td></td><td></td></tr>
</table>
<table id='summary'><thead><tr><th>Class</th><th>Method</th><th>Start</th><th>Time (ms)</th></tr></thead><tbody><tr><th colspan="4">Suite</th></tr></tbody><tbody id="t0"><tr><th colspan="4">Test &#8212; failed</th></tr><tr class="failedeven"><td rowspan="2">tests.MyTripsTest</td><td><a href="#m0">tc_15_openMyTrips</a></td><td rowspan="1">1674157173637</td><td rowspan="1">4342</td></tr><tr class="failedeven"><td><a href="#m1">tc_16_createNewTrip</a></td><td rowspan="1">1674157178223</td><td rowspan="1">10432</td></tr><tr><th colspan="4">Test &#8212; passed</th></tr><tr class="passedeven"><td rowspan="2">tests.DestinationsTest</td><td><a href="#m2">tc_07_goToDestinations</a></td><td rowspan="1">1674157226091</td><td rowspan="1">4213</td></tr><tr class="passedeven"><td><a href="#m3">tc_08_searchDestination</a></td><td rowspan="1">1674157230308</td><td rowspan="1">4763</td></tr><tr class="passedodd"><td rowspan="5">tests.EditProfileTest</td><td><a href="#m4">tc_10_editBirthDay</a></td><td rowspan="1">1674157129041</td><td rowspan="1">12230</td></tr><tr class="passedodd"><td><a href="#m5">tc_11_editName</a></td><td rowspan="1">1674157141394</td><td rowspan="1">3313</td></tr><tr class="passedodd"><td><a href="#m6">tc_12_PurpuseTrip</a></td><td rowspan="1">1674157144712</td><td rowspan="1">4874</td></tr><tr class="passedodd"><td><a href="#m7">tc_13_chooseFinancialStandard</a></td><td rowspan="1">1674157149591</td><td rowspan="1">4755</td></tr><tr class="passedodd"><td><a href="#m8">tc_14_changePassword</a></td><td rowspan="1">1674157154351</td><td rowspan="1">2751</td></tr><tr class="passedeven"><td rowspan="1">tests.FlightsTest</td><td><a href="#m9">tc_09_goToFlightsService</a></td><td rowspan="1">1674157376597</td><td rowspan="1">23281</td></tr><tr class="passedodd"><td rowspan="6">tests.LoginTest</td><td><a href="#m10">tc_01_loginFailed</a></td><td rowspan="1">1674157427470</td><td rowspan="1">2882</td></tr><tr class="passedodd"><td><a href="#m11">tc_02_loginFailed2</a></td><td rowspan="1">1674157430355</td><td rowspan="1">2270</td></tr><tr class="passedodd"><td><a href="#m12">tc_03_login</a></td><td rowspan="1">1674157432628</td><td rowspan="1">1701</td></tr><tr class="passedodd"><td><a href="#m13">tc_04_logout</a></td><td rowspan="1">1674157434333</td><td rowspan="1">1581</td></tr><tr class="passedodd"><td><a href="#m14">tc_05_loginAgain</a></td><td rowspan="1">1674157435917</td><td rowspan="1">2242</td></tr><tr class="passedodd"><td><a href="#m15">tc_06_chooseService</a></td><td rowspan="1">1674157438162</td><td rowspan="1">1180</td></tr></tbody>
</table>
<h2>Test</h2><h3 id="m0">tests.MyTripsTest#tc_15_openMyTrips</h3><table class="result"><tr><th>Exception</th></tr><tr><td><div class="stacktrace">org.openqa.selenium.ElementClickInterceptedException: element click intercepted: Element &lt;a role=&quot;presentation&quot; class=&quot;header-nav__item&quot; target=&quot;_self&quot; href=&quot;/en/profile/bookmarks&quot; style=&quot;&quot;&gt;...&lt;/a&gt; is not clickable at point (582, 40). Other element would receive the click: &lt;div class=&quot;modal-v2__container&quot;&gt;...&lt;/div&gt;
  (Session info: chrome=109.0.5414.87)
Build info: version: &apos;4.5.3&apos;, revision: &apos;4b786a1e430&apos;
System info: os.name: &apos;Mac OS X&apos;, os.arch: &apos;x86_64&apos;, os.version: &apos;10.15.7&apos;, java.version: &apos;1.8.0_202&apos;
Driver info: org.openqa.selenium.chrome.ChromeDriver
Command: [11c188d0ad5f1cfe3d54d3ec2371ebbf, clickElement {id=9bfcba5a-9e1e-42b3-9ab6-3d07064c588a}]
Capabilities {acceptInsecureCerts: false, browserName: chrome, browserVersion: 109.0.5414.87, chrome: {chromedriverVersion: 109.0.5414.74 (e7c5703604da..., userDataDir: /var/folders/ms/g_f3vn297tq...}, goog:chromeOptions: {debuggerAddress: localhost:52746}, networkConnectionEnabled: false, pageLoadStrategy: normal, platformName: MAC, proxy: Proxy(), se:cdp: ws://localhost:52746/devtoo..., se:cdpVersion: 109.0.5414.87, setWindowRect: true, strictFileInteractability: false, timeouts: {implicit: 0, pageLoad: 300000, script: 30000}, unhandledPromptBehavior: dismiss and notify, webauthn:extension:credBlob: true, webauthn:extension:largeBlob: true, webauthn:virtualAuthenticators: true}
Element: [[ChromeDriver: chrome on MAC (11c188d0ad5f1cfe3d54d3ec2371ebbf)] -&gt; css selector: .header-nav__item]
Session ID: 11c188d0ad5f1cfe3d54d3ec2371ebbf
	at org.openqa.selenium.remote.codec.w3c.W3CHttpResponseCodec.createException(W3CHttpResponseCodec.java:200)
	at org.openqa.selenium.remote.codec.w3c.W3CHttpResponseCodec.decode(W3CHttpResponseCodec.java:133)
	at org.openqa.selenium.remote.codec.w3c.W3CHttpResponseCodec.decode(W3CHttpResponseCodec.java:53)
	at org.openqa.selenium.remote.HttpCommandExecutor.execute(HttpCommandExecutor.java:184)
	at org.openqa.selenium.remote.service.DriverCommandExecutor.invokeExecute(DriverCommandExecutor.java:167)
	at org.openqa.selenium.remote.service.DriverCommandExecutor.execute(DriverCommandExecutor.java:142)
	at org.openqa.selenium.remote.RemoteWebDriver.execute(RemoteWebDriver.java:541)
	at org.openqa.selenium.remote.RemoteWebElement.execute(RemoteWebElement.java:257)
	at org.openqa.selenium.remote.RemoteWebElement.click(RemoteWebElement.java:78)
	at pageobjects.BasePage.click(BasePage.java:49)
	at pageobjects.HomePage.openMyTrips(HomePage.java:85)
	at tests.MyTripsTest.tc_15_openMyTrips(MyTripsTest.java:27)
	at java.util.ArrayList.forEach(ArrayList.java:1257)
... Removed 31 stack frames</div></td></tr></table><p class="totop"><a href="#summary">back to summary</a></p>
<h3 id="m1">tests.MyTripsTest#tc_16_createNewTrip</h3><table class="result"><tr><th>Exception</th></tr><tr><td><div class="stacktrace">org.openqa.selenium.TimeoutException: Expected condition failed: waiting for element to be clickable: Proxy element for: DefaultElementLocator &apos;By.cssSelector: [class=&apos;bookmarks-trips-list__empty-state-button&apos;] [dir=&apos;ltr&apos;]&apos; (tried for 10 second(s) with 500 milliseconds interval)
	at org.openqa.selenium.support.ui.WebDriverWait.timeoutException(WebDriverWait.java:87)
	at org.openqa.selenium.support.ui.FluentWait.until(FluentWait.java:231)
	at pageobjects.MyTripsPage.createNewTrip(MyTripsPage.java:33)
	at tests.MyTripsTest.tc_16_createNewTrip(MyTripsTest.java:33)
	at java.util.ArrayList.forEach(ArrayList.java:1257)
Caused by: org.openqa.selenium.NoSuchElementException: no such element: Unable to locate element: {&quot;method&quot;:&quot;css selector&quot;,&quot;selector&quot;:&quot;[class=&apos;bookmarks-trips-list__empty-state-button&apos;] [dir=&apos;ltr&apos;]&quot;}
  (Session info: chrome=109.0.5414.87)
For documentation on this error, please visit: https://selenium.dev/exceptions/#no_such_element
Build info: version: &apos;4.5.3&apos;, revision: &apos;4b786a1e430&apos;
System info: os.name: &apos;Mac OS X&apos;, os.arch: &apos;x86_64&apos;, os.version: &apos;10.15.7&apos;, java.version: &apos;1.8.0_202&apos;
Driver info: org.openqa.selenium.chrome.ChromeDriver
Command: [11c188d0ad5f1cfe3d54d3ec2371ebbf, findElement {using=css selector, value=[class=&apos;bookmarks-trips-list__empty-state-button&apos;] [dir=&apos;ltr&apos;]}]
Capabilities {acceptInsecureCerts: false, browserName: chrome, browserVersion: 109.0.5414.87, chrome: {chromedriverVersion: 109.0.5414.74 (e7c5703604da..., userDataDir: /var/folders/ms/g_f3vn297tq...}, goog:chromeOptions: {debuggerAddress: localhost:52746}, networkConnectionEnabled: false, pageLoadStrategy: normal, platformName: MAC, proxy: Proxy(), se:cdp: ws://localhost:52746/devtoo..., se:cdpVersion: 109.0.5414.87, setWindowRect: true, strictFileInteractability: false, timeouts: {implicit: 0, pageLoad: 300000, script: 30000}, unhandledPromptBehavior: dismiss and notify, webauthn:extension:credBlob: true, webauthn:extension:largeBlob: true, webauthn:virtualAuthenticators: true}
Session ID: 11c188d0ad5f1cfe3d54d3ec2371ebbf
	at org.openqa.selenium.remote.codec.w3c.W3CHttpResponseCodec.createException(W3CHttpResponseCodec.java:200)
	at org.openqa.selenium.remote.codec.w3c.W3CHttpResponseCodec.decode(W3CHttpResponseCodec.java:133)
	at org.openqa.selenium.remote.codec.w3c.W3CHttpResponseCodec.decode(W3CHttpResponseCodec.java:53)
	at org.openqa.selenium.remote.HttpCommandExecutor.execute(HttpCommandExecutor.java:184)
	at org.openqa.selenium.remote.service.DriverCommandExecutor.invokeExecute(DriverCommandExecutor.java:167)
	at org.openqa.selenium.remote.service.DriverCommandExecutor.execute(DriverCommandExecutor.java:142)
	at org.openqa.selenium.remote.RemoteWebDriver.execute(RemoteWebDriver.java:541)
	at org.openqa.selenium.remote.ElementLocation$ElementFinder$2.findElement(ElementLocation.java:162)
	at org.openqa.selenium.remote.ElementLocation.findElement(ElementLocation.java:60)
	at org.openqa.selenium.remote.RemoteWebDriver.findElement(RemoteWebDriver.java:365)
	at org.openqa.selenium.remote.RemoteWebDriver.findElement(RemoteWebDriver.java:357)
	at org.openqa.selenium.support.pagefactory.DefaultElementLocator.findElement(DefaultElementLocator.java:70)
	at org.openqa.selenium.support.pagefactory.internal.LocatingElementHandler.invoke(LocatingElementHandler.java:39)
	at com.sun.proxy.$Proxy17.isDisplayed(Unknown Source)
	at org.openqa.selenium.support.ui.ExpectedConditions.elementIfVisible(ExpectedConditions.java:307)
	at org.openqa.selenium.support.ui.ExpectedConditions.access$000(ExpectedConditions.java:40)
	at org.openqa.selenium.support.ui.ExpectedConditions$10.apply(ExpectedConditions.java:293)
	at org.openqa.selenium.support.ui.ExpectedConditions$10.apply(ExpectedConditions.java:290)
	at org.openqa.selenium.support.ui.ExpectedConditions$23.apply(ExpectedConditions.java:660)
	at org.openqa.selenium.support.ui.ExpectedConditions$23.apply(ExpectedConditions.java:656)
	at org.openqa.selenium.support.ui.FluentWait.until(FluentWait.java:208)
	... 30 more
... Removed 30 stack frames</div></td></tr></table><p class="totop"><a href="#summary">back to summary</a></p>
<h3 id="m2">tests.DestinationsTest#tc_07_goToDestinations</h3><table class="result"><tr><th class="invisible"/></tr></table><p class="totop"><a href="#summary">back to summary</a></p>
<h3 id="m3">tests.DestinationsTest#tc_08_searchDestination</h3><table class="result"><tr><th class="invisible"/></tr></table><p class="totop"><a href="#summary">back to summary</a></p>
<h3 id="m4">tests.EditProfileTest#tc_10_editBirthDay</h3><table class="result"><tr><th class="invisible"/></tr></table><p class="totop"><a href="#summary">back to summary</a></p>
<h3 id="m5">tests.EditProfileTest#tc_11_editName</h3><table class="result"><tr><th class="invisible"/></tr></table><p class="totop"><a href="#summary">back to summary</a></p>
<h3 id="m6">tests.EditProfileTest#tc_12_PurpuseTrip</h3><table class="result"><tr><th class="invisible"/></tr></table><p class="totop"><a href="#summary">back to summary</a></p>
<h3 id="m7">tests.EditProfileTest#tc_13_chooseFinancialStandard</h3><table class="result"><tr><th class="invisible"/></tr></table><p class="totop"><a href="#summary">back to summary</a></p>
<h3 id="m8">tests.EditProfileTest#tc_14_changePassword</h3><table class="result"><tr><th class="invisible"/></tr></table><p class="totop"><a href="#summary">back to summary</a></p>
<h3 id="m9">tests.FlightsTest#tc_09_goToFlightsService</h3><table class="result"><tr><th class="invisible"/></tr></table><p class="totop"><a href="#summary">back to summary</a></p>
<h3 id="m10">tests.LoginTest#tc_01_loginFailed</h3><table class="result"><tr><th class="invisible"/></tr></table><p class="totop"><a href="#summary">back to summary</a></p>
<h3 id="m11">tests.LoginTest#tc_02_loginFailed2</h3><table class="result"><tr><th class="invisible"/></tr></table><p class="totop"><a href="#summary">back to summary</a></p>
<h3 id="m12">tests.LoginTest#tc_03_login</h3><table class="result"><tr><th class="invisible"/></tr></table><p class="totop"><a href="#summary">back to summary</a></p>
<h3 id="m13">tests.LoginTest#tc_04_logout</h3><table class="result"><tr><th class="invisible"/></tr></table><p class="totop"><a href="#summary">back to summary</a></p>
<h3 id="m14">tests.LoginTest#tc_05_loginAgain</h3><table class="result"><tr><th class="invisible"/></tr></table><p class="totop"><a href="#summary">back to summary</a></p>
<h3 id="m15">tests.LoginTest#tc_06_chooseService</h3><table class="result"><tr><th class="invisible"/></tr></table><p class="totop"><a href="#summary">back to summary</a></p>
</body>
</html>
