<?xml version="1.0" encoding="UTF-8"?>
<testng-results skipped="0" failed="2" ignored="0" total="16" passed="14">
  <reporter-output>
  </reporter-output>
  <suite name="Suite" duration-ms="336142" started-at="2023-01-19T21:38:23 IST" finished-at="2023-01-19T21:43:59 IST">
    <groups>
    </groups>
    <test name="Test" duration-ms="336142" started-at="2023-01-19T21:38:23 IST" finished-at="2023-01-19T21:43:59 IST">
      <class name="tests.LoginTest">
        <test-method status="PASS" signature="setup()[pri:0, instance:tests.LoginTest@73393584]" name="setup" is-config="true" duration-ms="27375" started-at="2023-01-19T21:43:20 IST" finished-at="2023-01-19T21:43:47 IST">
          <reporter-output>
          </reporter-output>
        </test-method> <!-- setup -->
        <test-method status="PASS" signature="tc_01_loginFailed()[pri:0, instance:tests.LoginTest@73393584]" name="tc_01_loginFailed" duration-ms="2882" started-at="2023-01-19T21:43:47 IST" finished-at="2023-01-19T21:43:50 IST">
          <reporter-output>
          </reporter-output>
        </test-method> <!-- tc_01_loginFailed -->
        <test-method status="PASS" signature="failedTest(org.testng.ITestResult)[pri:0, instance:tests.LoginTest@73393584]" name="failedTest" is-config="true" duration-ms="0" started-at="2023-01-19T21:43:50 IST" finished-at="2023-01-19T21:43:50 IST">
          <params>
            <param index="0">
              <value>
                <![CDATA[[TestResult name=tc_01_loginFailed status=SUCCESS method=LoginTest.tc_01_loginFailed()[pri:0, instance:tests.LoginTest@73393584] output={null}]]]>
              </value>
            </param>
          </params>
          <reporter-output>
          </reporter-output>
        </test-method> <!-- failedTest -->
        <test-method status="PASS" signature="tc_02_loginFailed2()[pri:0, instance:tests.LoginTest@73393584]" name="tc_02_loginFailed2" duration-ms="2270" started-at="2023-01-19T21:43:50 IST" finished-at="2023-01-19T21:43:52 IST">
          <reporter-output>
          </reporter-output>
        </test-method> <!-- tc_02_loginFailed2 -->
        <test-method status="PASS" signature="failedTest(org.testng.ITestResult)[pri:0, instance:tests.LoginTest@73393584]" name="failedTest" is-config="true" duration-ms="0" started-at="2023-01-19T21:43:52 IST" finished-at="2023-01-19T21:43:52 IST">
          <params>
            <param index="0">
              <value>
                <![CDATA[[TestResult name=tc_02_loginFailed2 status=SUCCESS method=LoginTest.tc_02_loginFailed2()[pri:0, instance:tests.LoginTest@73393584] output={null}]]]>
              </value>
            </param>
          </params>
          <reporter-output>
          </reporter-output>
        </test-method> <!-- failedTest -->
        <test-method status="PASS" signature="tc_03_login()[pri:0, instance:tests.LoginTest@73393584]" name="tc_03_login" duration-ms="1701" started-at="2023-01-19T21:43:52 IST" finished-at="2023-01-19T21:43:54 IST">
          <reporter-output>
          </reporter-output>
        </test-method> <!-- tc_03_login -->
        <test-method status="PASS" signature="failedTest(org.testng.ITestResult)[pri:0, instance:tests.LoginTest@73393584]" name="failedTest" is-config="true" duration-ms="0" started-at="2023-01-19T21:43:54 IST" finished-at="2023-01-19T21:43:54 IST">
          <params>
            <param index="0">
              <value>
                <![CDATA[[TestResult name=tc_03_login status=SUCCESS method=LoginTest.tc_03_login()[pri:0, instance:tests.LoginTest@73393584] output={null}]]]>
              </value>
            </param>
          </params>
          <reporter-output>
          </reporter-output>
        </test-method> <!-- failedTest -->
        <test-method status="PASS" signature="tc_04_logout()[pri:0, instance:tests.LoginTest@73393584]" name="tc_04_logout" duration-ms="1581" started-at="2023-01-19T21:43:54 IST" finished-at="2023-01-19T21:43:55 IST">
          <reporter-output>
          </reporter-output>
        </test-method> <!-- tc_04_logout -->
        <test-method status="PASS" signature="failedTest(org.testng.ITestResult)[pri:0, instance:tests.LoginTest@73393584]" name="failedTest" is-config="true" duration-ms="0" started-at="2023-01-19T21:43:55 IST" finished-at="2023-01-19T21:43:55 IST">
          <params>
            <param index="0">
              <value>
                <![CDATA[[TestResult name=tc_04_logout status=SUCCESS method=LoginTest.tc_04_logout()[pri:0, instance:tests.LoginTest@73393584] output={null}]]]>
              </value>
            </param>
          </params>
          <reporter-output>
          </reporter-output>
        </test-method> <!-- failedTest -->
        <test-method status="PASS" signature="tc_05_loginAgain()[pri:0, instance:tests.LoginTest@73393584]" name="tc_05_loginAgain" duration-ms="2242" started-at="2023-01-19T21:43:55 IST" finished-at="2023-01-19T21:43:58 IST">
          <reporter-output>
          </reporter-output>
        </test-method> <!-- tc_05_loginAgain -->
        <test-method status="PASS" signature="failedTest(org.testng.ITestResult)[pri:0, instance:tests.LoginTest@73393584]" name="failedTest" is-config="true" duration-ms="1" started-at="2023-01-19T21:43:58 IST" finished-at="2023-01-19T21:43:58 IST">
          <params>
            <param index="0">
              <value>
                <![CDATA[[TestResult name=tc_05_loginAgain status=SUCCESS method=LoginTest.tc_05_loginAgain()[pri:0, instance:tests.LoginTest@73393584] output={null}]]]>
              </value>
            </param>
          </params>
          <reporter-output>
          </reporter-output>
        </test-method> <!-- failedTest -->
        <test-method status="PASS" signature="tc_06_chooseService()[pri:0, instance:tests.LoginTest@73393584]" name="tc_06_chooseService" duration-ms="1180" started-at="2023-01-19T21:43:58 IST" finished-at="2023-01-19T21:43:59 IST">
          <reporter-output>
          </reporter-output>
        </test-method> <!-- tc_06_chooseService -->
        <test-method status="PASS" signature="failedTest(org.testng.ITestResult)[pri:0, instance:tests.LoginTest@73393584]" name="failedTest" is-config="true" duration-ms="1" started-at="2023-01-19T21:43:59 IST" finished-at="2023-01-19T21:43:59 IST">
          <params>
            <param index="0">
              <value>
                <![CDATA[[TestResult name=tc_06_chooseService status=SUCCESS method=LoginTest.tc_06_chooseService()[pri:0, instance:tests.LoginTest@73393584] output={null}]]]>
              </value>
            </param>
          </params>
          <reporter-output>
          </reporter-output>
        </test-method> <!-- failedTest -->
        <test-method status="PASS" signature="tearDown()[pri:0, instance:tests.LoginTest@73393584]" name="tearDown" is-config="true" duration-ms="170" started-at="2023-01-19T21:43:59 IST" finished-at="2023-01-19T21:43:59 IST">
          <reporter-output>
          </reporter-output>
        </test-method> <!-- tearDown -->
      </class> <!-- tests.LoginTest -->
      <class name="tests.EditProfileTest">
        <test-method status="PASS" signature="setup()[pri:0, instance:tests.EditProfileTest@6c4f9535]" name="setup" is-config="true" duration-ms="25579" started-at="2023-01-19T21:38:23 IST" finished-at="2023-01-19T21:38:49 IST">
          <reporter-output>
          </reporter-output>
        </test-method> <!-- setup -->
        <test-method status="PASS" signature="tc_10_editBirthDay()[pri:0, instance:tests.EditProfileTest@6c4f9535]" name="tc_10_editBirthDay" duration-ms="12230" started-at="2023-01-19T21:38:49 IST" finished-at="2023-01-19T21:39:01 IST">
          <reporter-output>
          </reporter-output>
        </test-method> <!-- tc_10_editBirthDay -->
        <test-method status="PASS" signature="failedTest(org.testng.ITestResult)[pri:0, instance:tests.EditProfileTest@6c4f9535]" name="failedTest" is-config="true" duration-ms="3" started-at="2023-01-19T21:39:01 IST" finished-at="2023-01-19T21:39:01 IST">
          <params>
            <param index="0">
              <value>
                <![CDATA[[TestResult name=tc_10_editBirthDay status=SUCCESS method=EditProfileTest.tc_10_editBirthDay()[pri:0, instance:tests.EditProfileTest@6c4f9535] output={null}]]]>
              </value>
            </param>
          </params>
          <reporter-output>
          </reporter-output>
        </test-method> <!-- failedTest -->
        <test-method status="PASS" signature="tc_11_editName()[pri:0, instance:tests.EditProfileTest@6c4f9535]" name="tc_11_editName" duration-ms="3313" started-at="2023-01-19T21:39:01 IST" finished-at="2023-01-19T21:39:04 IST">
          <reporter-output>
          </reporter-output>
        </test-method> <!-- tc_11_editName -->
        <test-method status="PASS" signature="failedTest(org.testng.ITestResult)[pri:0, instance:tests.EditProfileTest@6c4f9535]" name="failedTest" is-config="true" duration-ms="0" started-at="2023-01-19T21:39:04 IST" finished-at="2023-01-19T21:39:04 IST">
          <params>
            <param index="0">
              <value>
                <![CDATA[[TestResult name=tc_11_editName status=SUCCESS method=EditProfileTest.tc_11_editName()[pri:0, instance:tests.EditProfileTest@6c4f9535] output={null}]]]>
              </value>
            </param>
          </params>
          <reporter-output>
          </reporter-output>
        </test-method> <!-- failedTest -->
        <test-method status="PASS" signature="tc_12_PurpuseTrip()[pri:0, instance:tests.EditProfileTest@6c4f9535]" name="tc_12_PurpuseTrip" duration-ms="4874" started-at="2023-01-19T21:39:04 IST" finished-at="2023-01-19T21:39:09 IST">
          <reporter-output>
          </reporter-output>
        </test-method> <!-- tc_12_PurpuseTrip -->
        <test-method status="PASS" signature="failedTest(org.testng.ITestResult)[pri:0, instance:tests.EditProfileTest@6c4f9535]" name="failedTest" is-config="true" duration-ms="0" started-at="2023-01-19T21:39:09 IST" finished-at="2023-01-19T21:39:09 IST">
          <params>
            <param index="0">
              <value>
                <![CDATA[[TestResult name=tc_12_PurpuseTrip status=SUCCESS method=EditProfileTest.tc_12_PurpuseTrip()[pri:0, instance:tests.EditProfileTest@6c4f9535] output={null}]]]>
              </value>
            </param>
          </params>
          <reporter-output>
          </reporter-output>
        </test-method> <!-- failedTest -->
        <test-method status="PASS" signature="tc_13_chooseFinancialStandard()[pri:0, instance:tests.EditProfileTest@6c4f9535]" name="tc_13_chooseFinancialStandard" duration-ms="4755" started-at="2023-01-19T21:39:09 IST" finished-at="2023-01-19T21:39:14 IST">
          <reporter-output>
          </reporter-output>
        </test-method> <!-- tc_13_chooseFinancialStandard -->
        <test-method status="PASS" signature="failedTest(org.testng.ITestResult)[pri:0, instance:tests.EditProfileTest@6c4f9535]" name="failedTest" is-config="true" duration-ms="1" started-at="2023-01-19T21:39:14 IST" finished-at="2023-01-19T21:39:14 IST">
          <params>
            <param index="0">
              <value>
                <![CDATA[[TestResult name=tc_13_chooseFinancialStandard status=SUCCESS method=EditProfileTest.tc_13_chooseFinancialStandard()[pri:0, instance:tests.EditProfileTest@6c4f9535] output={null}]]]>
              </value>
            </param>
          </params>
          <reporter-output>
          </reporter-output>
        </test-method> <!-- failedTest -->
        <test-method status="PASS" signature="tc_14_changePassword()[pri:0, instance:tests.EditProfileTest@6c4f9535]" name="tc_14_changePassword" duration-ms="2751" started-at="2023-01-19T21:39:14 IST" finished-at="2023-01-19T21:39:17 IST">
          <reporter-output>
          </reporter-output>
        </test-method> <!-- tc_14_changePassword -->
        <test-method status="PASS" signature="failedTest(org.testng.ITestResult)[pri:0, instance:tests.EditProfileTest@6c4f9535]" name="failedTest" is-config="true" duration-ms="0" started-at="2023-01-19T21:39:17 IST" finished-at="2023-01-19T21:39:17 IST">
          <params>
            <param index="0">
              <value>
                <![CDATA[[TestResult name=tc_14_changePassword status=SUCCESS method=EditProfileTest.tc_14_changePassword()[pri:0, instance:tests.EditProfileTest@6c4f9535] output={null}]]]>
              </value>
            </param>
          </params>
          <reporter-output>
          </reporter-output>
        </test-method> <!-- failedTest -->
        <test-method status="PASS" signature="tearDown()[pri:0, instance:tests.EditProfileTest@6c4f9535]" name="tearDown" is-config="true" duration-ms="177" started-at="2023-01-19T21:39:17 IST" finished-at="2023-01-19T21:39:17 IST">
          <reporter-output>
          </reporter-output>
        </test-method> <!-- tearDown -->
      </class> <!-- tests.EditProfileTest -->
      <class name="tests.DestinationsTest">
        <test-method status="PASS" signature="setup()[pri:0, instance:tests.DestinationsTest@615f972]" name="setup" is-config="true" duration-ms="36628" started-at="2023-01-19T21:39:49 IST" finished-at="2023-01-19T21:40:26 IST">
          <reporter-output>
          </reporter-output>
        </test-method> <!-- setup -->
        <test-method status="PASS" signature="tc_07_goToDestinations()[pri:0, instance:tests.DestinationsTest@615f972]" name="tc_07_goToDestinations" duration-ms="4213" started-at="2023-01-19T21:40:26 IST" finished-at="2023-01-19T21:40:30 IST">
          <reporter-output>
          </reporter-output>
        </test-method> <!-- tc_07_goToDestinations -->
        <test-method status="PASS" signature="failedTest(org.testng.ITestResult)[pri:0, instance:tests.DestinationsTest@615f972]" name="failedTest" is-config="true" duration-ms="1" started-at="2023-01-19T21:40:30 IST" finished-at="2023-01-19T21:40:30 IST">
          <params>
            <param index="0">
              <value>
                <![CDATA[[TestResult name=tc_07_goToDestinations status=SUCCESS method=DestinationsTest.tc_07_goToDestinations()[pri:0, instance:tests.DestinationsTest@615f972] output={null}]]]>
              </value>
            </param>
          </params>
          <reporter-output>
          </reporter-output>
        </test-method> <!-- failedTest -->
        <test-method status="PASS" signature="tc_08_searchDestination()[pri:0, instance:tests.DestinationsTest@615f972]" name="tc_08_searchDestination" duration-ms="4763" started-at="2023-01-19T21:40:30 IST" finished-at="2023-01-19T21:40:35 IST">
          <reporter-output>
          </reporter-output>
        </test-method> <!-- tc_08_searchDestination -->
        <test-method status="PASS" signature="failedTest(org.testng.ITestResult)[pri:0, instance:tests.DestinationsTest@615f972]" name="failedTest" is-config="true" duration-ms="1" started-at="2023-01-19T21:40:35 IST" finished-at="2023-01-19T21:40:35 IST">
          <params>
            <param index="0">
              <value>
                <![CDATA[[TestResult name=tc_08_searchDestination status=SUCCESS method=DestinationsTest.tc_08_searchDestination()[pri:0, instance:tests.DestinationsTest@615f972] output={null}]]]>
              </value>
            </param>
          </params>
          <reporter-output>
          </reporter-output>
        </test-method> <!-- failedTest -->
        <test-method status="PASS" signature="tearDown()[pri:0, instance:tests.DestinationsTest@615f972]" name="tearDown" is-config="true" duration-ms="158" started-at="2023-01-19T21:40:35 IST" finished-at="2023-01-19T21:40:35 IST">
          <reporter-output>
          </reporter-output>
        </test-method> <!-- tearDown -->
      </class> <!-- tests.DestinationsTest -->
      <class name="tests.MyTripsTest">
        <test-method status="PASS" signature="setup()[pri:0, instance:tests.MyTripsTest@70e659aa]" name="setup" is-config="true" duration-ms="16353" started-at="2023-01-19T21:39:17 IST" finished-at="2023-01-19T21:39:33 IST">
          <reporter-output>
          </reporter-output>
        </test-method> <!-- setup -->
        <test-method status="FAIL" signature="tc_15_openMyTrips()[pri:0, instance:tests.MyTripsTest@70e659aa]" name="tc_15_openMyTrips" duration-ms="4342" started-at="2023-01-19T21:39:33 IST" finished-at="2023-01-19T21:39:37 IST">
          <exception class="org.openqa.selenium.ElementClickInterceptedException">
            <message>
              <![CDATA[element click intercepted: Element <a role="presentation" class="header-nav__item" target="_self" href="/en/profile/bookmarks" style="">...</a> is not clickable at point (582, 40). Other element would receive the click: <div class="modal-v2__container">...</div>
  (Session info: chrome=109.0.5414.87)
Build info: version: '4.5.3', revision: '4b786a1e430'
System info: os.name: 'Mac OS X', os.arch: 'x86_64', os.version: '10.15.7', java.version: '1.8.0_202'
Driver info: org.openqa.selenium.chrome.ChromeDriver
Command: [11c188d0ad5f1cfe3d54d3ec2371ebbf, clickElement {id=9bfcba5a-9e1e-42b3-9ab6-3d07064c588a}]
Capabilities {acceptInsecureCerts: false, browserName: chrome, browserVersion: 109.0.5414.87, chrome: {chromedriverVersion: 109.0.5414.74 (e7c5703604da..., userDataDir: /var/folders/ms/g_f3vn297tq...}, goog:chromeOptions: {debuggerAddress: localhost:52746}, networkConnectionEnabled: false, pageLoadStrategy: normal, platformName: MAC, proxy: Proxy(), se:cdp: ws://localhost:52746/devtoo..., se:cdpVersion: 109.0.5414.87, setWindowRect: true, strictFileInteractability: false, timeouts: {implicit: 0, pageLoad: 300000, script: 30000}, unhandledPromptBehavior: dismiss and notify, webauthn:extension:credBlob: true, webauthn:extension:largeBlob: true, webauthn:virtualAuthenticators: true}
Element: [[ChromeDriver: chrome on MAC (11c188d0ad5f1cfe3d54d3ec2371ebbf)] -> css selector: .header-nav__item]
Session ID: 11c188d0ad5f1cfe3d54d3ec2371ebbf]]>
            </message>
            <full-stacktrace>
              <![CDATA[org.openqa.selenium.ElementClickInterceptedException: element click intercepted: Element <a role="presentation" class="header-nav__item" target="_self" href="/en/profile/bookmarks" style="">...</a> is not clickable at point (582, 40). Other element would receive the click: <div class="modal-v2__container">...</div>
  (Session info: chrome=109.0.5414.87)
Build info: version: '4.5.3', revision: '4b786a1e430'
System info: os.name: 'Mac OS X', os.arch: 'x86_64', os.version: '10.15.7', java.version: '1.8.0_202'
Driver info: org.openqa.selenium.chrome.ChromeDriver
Command: [11c188d0ad5f1cfe3d54d3ec2371ebbf, clickElement {id=9bfcba5a-9e1e-42b3-9ab6-3d07064c588a}]
Capabilities {acceptInsecureCerts: false, browserName: chrome, browserVersion: 109.0.5414.87, chrome: {chromedriverVersion: 109.0.5414.74 (e7c5703604da..., userDataDir: /var/folders/ms/g_f3vn297tq...}, goog:chromeOptions: {debuggerAddress: localhost:52746}, networkConnectionEnabled: false, pageLoadStrategy: normal, platformName: MAC, proxy: Proxy(), se:cdp: ws://localhost:52746/devtoo..., se:cdpVersion: 109.0.5414.87, setWindowRect: true, strictFileInteractability: false, timeouts: {implicit: 0, pageLoad: 300000, script: 30000}, unhandledPromptBehavior: dismiss and notify, webauthn:extension:credBlob: true, webauthn:extension:largeBlob: true, webauthn:virtualAuthenticators: true}
Element: [[ChromeDriver: chrome on MAC (11c188d0ad5f1cfe3d54d3ec2371ebbf)] -> css selector: .header-nav__item]
Session ID: 11c188d0ad5f1cfe3d54d3ec2371ebbf
at sun.reflect.NativeConstructorAccessorImpl.newInstance0(Native Method)
at sun.reflect.NativeConstructorAccessorImpl.newInstance(NativeConstructorAccessorImpl.java:62)
at sun.reflect.DelegatingConstructorAccessorImpl.newInstance(DelegatingConstructorAccessorImpl.java:45)
at java.lang.reflect.Constructor.newInstance(Constructor.java:423)
at org.openqa.selenium.remote.codec.w3c.W3CHttpResponseCodec.createException(W3CHttpResponseCodec.java:200)
at org.openqa.selenium.remote.codec.w3c.W3CHttpResponseCodec.decode(W3CHttpResponseCodec.java:133)
at org.openqa.selenium.remote.codec.w3c.W3CHttpResponseCodec.decode(W3CHttpResponseCodec.java:53)
at org.openqa.selenium.remote.HttpCommandExecutor.execute(HttpCommandExecutor.java:184)
at org.openqa.selenium.remote.service.DriverCommandExecutor.invokeExecute(DriverCommandExecutor.java:167)
at org.openqa.selenium.remote.service.DriverCommandExecutor.execute(DriverCommandExecutor.java:142)
at org.openqa.selenium.remote.RemoteWebDriver.execute(RemoteWebDriver.java:541)
at org.openqa.selenium.remote.RemoteWebElement.execute(RemoteWebElement.java:257)
at org.openqa.selenium.remote.RemoteWebElement.click(RemoteWebElement.java:78)
at pageobjects.BasePage.click(BasePage.java:49)
at pageobjects.HomePage.openMyTrips(HomePage.java:85)
at tests.MyTripsTest.tc_15_openMyTrips(MyTripsTest.java:27)
at sun.reflect.NativeMethodAccessorImpl.invoke0(Native Method)
at sun.reflect.NativeMethodAccessorImpl.invoke(NativeMethodAccessorImpl.java:62)
at sun.reflect.DelegatingMethodAccessorImpl.invoke(DelegatingMethodAccessorImpl.java:43)
at java.lang.reflect.Method.invoke(Method.java:498)
at org.testng.internal.invokers.MethodInvocationHelper.invokeMethod(MethodInvocationHelper.java:135)
at org.testng.internal.invokers.TestInvoker.invokeMethod(TestInvoker.java:673)
at org.testng.internal.invokers.TestInvoker.invokeTestMethod(TestInvoker.java:220)
at org.testng.internal.invokers.MethodRunner.runInSequence(MethodRunner.java:50)
at org.testng.internal.invokers.TestInvoker$MethodInvocationAgent.invoke(TestInvoker.java:945)
at org.testng.internal.invokers.TestInvoker.invokeTestMethods(TestInvoker.java:193)
at org.testng.internal.invokers.TestMethodWorker.invokeTestMethods(TestMethodWorker.java:146)
at org.testng.internal.invokers.TestMethodWorker.run(TestMethodWorker.java:128)
at java.util.ArrayList.forEach(ArrayList.java:1257)
at org.testng.TestRunner.privateRun(TestRunner.java:808)
at org.testng.TestRunner.run(TestRunner.java:603)
at org.testng.SuiteRunner.runTest(SuiteRunner.java:429)
at org.testng.SuiteRunner.runSequentially(SuiteRunner.java:423)
at org.testng.SuiteRunner.privateRun(SuiteRunner.java:383)
at org.testng.SuiteRunner.run(SuiteRunner.java:326)
at org.testng.SuiteRunnerWorker.runSuite(SuiteRunnerWorker.java:52)
at org.testng.SuiteRunnerWorker.run(SuiteRunnerWorker.java:95)
at org.testng.TestNG.runSuitesSequentially(TestNG.java:1249)
at org.testng.TestNG.runSuitesLocally(TestNG.java:1169)
at org.testng.TestNG.runSuites(TestNG.java:1092)
at org.testng.TestNG.run(TestNG.java:1060)
at org.testng.remote.AbstractRemoteTestNG.run(AbstractRemoteTestNG.java:115)
at org.testng.remote.RemoteTestNG.initAndRun(RemoteTestNG.java:251)
at org.testng.remote.RemoteTestNG.main(RemoteTestNG.java:77)
]]>
            </full-stacktrace>
          </exception> <!-- org.openqa.selenium.ElementClickInterceptedException -->
          <reporter-output>
          </reporter-output>
        </test-method> <!-- tc_15_openMyTrips -->
        <test-method status="PASS" signature="failedTest(org.testng.ITestResult)[pri:0, instance:tests.MyTripsTest@70e659aa]" name="failedTest" is-config="true" duration-ms="230" started-at="2023-01-19T21:39:37 IST" finished-at="2023-01-19T21:39:38 IST">
          <params>
            <param index="0">
              <value>
                <![CDATA[[TestResult name=tc_15_openMyTrips status=FAILURE method=MyTripsTest.tc_15_openMyTrips()[pri:0, instance:tests.MyTripsTest@70e659aa] output={null}]]]>
              </value>
            </param>
          </params>
          <reporter-output>
          </reporter-output>
        </test-method> <!-- failedTest -->
        <test-method status="FAIL" signature="tc_16_createNewTrip()[pri:0, instance:tests.MyTripsTest@70e659aa]" name="tc_16_createNewTrip" duration-ms="10432" started-at="2023-01-19T21:39:38 IST" finished-at="2023-01-19T21:39:48 IST">
          <exception class="org.openqa.selenium.TimeoutException">
            <message>
              <![CDATA[Expected condition failed: waiting for element to be clickable: Proxy element for: DefaultElementLocator 'By.cssSelector: [class='bookmarks-trips-list__empty-state-button'] [dir='ltr']' (tried for 10 second(s) with 500 milliseconds interval)]]>
            </message>
            <full-stacktrace>
              <![CDATA[org.openqa.selenium.TimeoutException: Expected condition failed: waiting for element to be clickable: Proxy element for: DefaultElementLocator 'By.cssSelector: [class='bookmarks-trips-list__empty-state-button'] [dir='ltr']' (tried for 10 second(s) with 500 milliseconds interval)
at org.openqa.selenium.support.ui.WebDriverWait.timeoutException(WebDriverWait.java:87)
at org.openqa.selenium.support.ui.FluentWait.until(FluentWait.java:231)
at pageobjects.MyTripsPage.createNewTrip(MyTripsPage.java:33)
at tests.MyTripsTest.tc_16_createNewTrip(MyTripsTest.java:33)
at sun.reflect.NativeMethodAccessorImpl.invoke0(Native Method)
at sun.reflect.NativeMethodAccessorImpl.invoke(NativeMethodAccessorImpl.java:62)
at sun.reflect.DelegatingMethodAccessorImpl.invoke(DelegatingMethodAccessorImpl.java:43)
at java.lang.reflect.Method.invoke(Method.java:498)
at org.testng.internal.invokers.MethodInvocationHelper.invokeMethod(MethodInvocationHelper.java:135)
at org.testng.internal.invokers.TestInvoker.invokeMethod(TestInvoker.java:673)
at org.testng.internal.invokers.TestInvoker.invokeTestMethod(TestInvoker.java:220)
at org.testng.internal.invokers.MethodRunner.runInSequence(MethodRunner.java:50)
at org.testng.internal.invokers.TestInvoker$MethodInvocationAgent.invoke(TestInvoker.java:945)
at org.testng.internal.invokers.TestInvoker.invokeTestMethods(TestInvoker.java:193)
at org.testng.internal.invokers.TestMethodWorker.invokeTestMethods(TestMethodWorker.java:146)
at org.testng.internal.invokers.TestMethodWorker.run(TestMethodWorker.java:128)
at java.util.ArrayList.forEach(ArrayList.java:1257)
at org.testng.TestRunner.privateRun(TestRunner.java:808)
at org.testng.TestRunner.run(TestRunner.java:603)
at org.testng.SuiteRunner.runTest(SuiteRunner.java:429)
at org.testng.SuiteRunner.runSequentially(SuiteRunner.java:423)
at org.testng.SuiteRunner.privateRun(SuiteRunner.java:383)
at org.testng.SuiteRunner.run(SuiteRunner.java:326)
at org.testng.SuiteRunnerWorker.runSuite(SuiteRunnerWorker.java:52)
at org.testng.SuiteRunnerWorker.run(SuiteRunnerWorker.java:95)
at org.testng.TestNG.runSuitesSequentially(TestNG.java:1249)
at org.testng.TestNG.runSuitesLocally(TestNG.java:1169)
at org.testng.TestNG.runSuites(TestNG.java:1092)
at org.testng.TestNG.run(TestNG.java:1060)
at org.testng.remote.AbstractRemoteTestNG.run(AbstractRemoteTestNG.java:115)
at org.testng.remote.RemoteTestNG.initAndRun(RemoteTestNG.java:251)
at org.testng.remote.RemoteTestNG.main(RemoteTestNG.java:77)
Caused by: org.openqa.selenium.NoSuchElementException: no such element: Unable to locate element: {"method":"css selector","selector":"[class='bookmarks-trips-list__empty-state-button'] [dir='ltr']"}
  (Session info: chrome=109.0.5414.87)
For documentation on this error, please visit: https://selenium.dev/exceptions/#no_such_element
Build info: version: '4.5.3', revision: '4b786a1e430'
System info: os.name: 'Mac OS X', os.arch: 'x86_64', os.version: '10.15.7', java.version: '1.8.0_202'
Driver info: org.openqa.selenium.chrome.ChromeDriver
Command: [11c188d0ad5f1cfe3d54d3ec2371ebbf, findElement {using=css selector, value=[class='bookmarks-trips-list__empty-state-button'] [dir='ltr']}]
Capabilities {acceptInsecureCerts: false, browserName: chrome, browserVersion: 109.0.5414.87, chrome: {chromedriverVersion: 109.0.5414.74 (e7c5703604da..., userDataDir: /var/folders/ms/g_f3vn297tq...}, goog:chromeOptions: {debuggerAddress: localhost:52746}, networkConnectionEnabled: false, pageLoadStrategy: normal, platformName: MAC, proxy: Proxy(), se:cdp: ws://localhost:52746/devtoo..., se:cdpVersion: 109.0.5414.87, setWindowRect: true, strictFileInteractability: false, timeouts: {implicit: 0, pageLoad: 300000, script: 30000}, unhandledPromptBehavior: dismiss and notify, webauthn:extension:credBlob: true, webauthn:extension:largeBlob: true, webauthn:virtualAuthenticators: true}
Session ID: 11c188d0ad5f1cfe3d54d3ec2371ebbf
at sun.reflect.GeneratedConstructorAccessor23.newInstance(Unknown Source)
at sun.reflect.DelegatingConstructorAccessorImpl.newInstance(DelegatingConstructorAccessorImpl.java:45)
at java.lang.reflect.Constructor.newInstance(Constructor.java:423)
at org.openqa.selenium.remote.codec.w3c.W3CHttpResponseCodec.createException(W3CHttpResponseCodec.java:200)
at org.openqa.selenium.remote.codec.w3c.W3CHttpResponseCodec.decode(W3CHttpResponseCodec.java:133)
at org.openqa.selenium.remote.codec.w3c.W3CHttpResponseCodec.decode(W3CHttpResponseCodec.java:53)
at org.openqa.selenium.remote.HttpCommandExecutor.execute(HttpCommandExecutor.java:184)
at org.openqa.selenium.remote.service.DriverCommandExecutor.invokeExecute(DriverCommandExecutor.java:167)
at org.openqa.selenium.remote.service.DriverCommandExecutor.execute(DriverCommandExecutor.java:142)
at org.openqa.selenium.remote.RemoteWebDriver.execute(RemoteWebDriver.java:541)
at org.openqa.selenium.remote.ElementLocation$ElementFinder$2.findElement(ElementLocation.java:162)
at org.openqa.selenium.remote.ElementLocation.findElement(ElementLocation.java:60)
at org.openqa.selenium.remote.RemoteWebDriver.findElement(RemoteWebDriver.java:365)
at org.openqa.selenium.remote.RemoteWebDriver.findElement(RemoteWebDriver.java:357)
at org.openqa.selenium.support.pagefactory.DefaultElementLocator.findElement(DefaultElementLocator.java:70)
at org.openqa.selenium.support.pagefactory.internal.LocatingElementHandler.invoke(LocatingElementHandler.java:39)
at com.sun.proxy.$Proxy17.isDisplayed(Unknown Source)
at org.openqa.selenium.support.ui.ExpectedConditions.elementIfVisible(ExpectedConditions.java:307)
at org.openqa.selenium.support.ui.ExpectedConditions.access$000(ExpectedConditions.java:40)
at org.openqa.selenium.support.ui.ExpectedConditions$10.apply(ExpectedConditions.java:293)
at org.openqa.selenium.support.ui.ExpectedConditions$10.apply(ExpectedConditions.java:290)
at org.openqa.selenium.support.ui.ExpectedConditions$23.apply(ExpectedConditions.java:660)
at org.openqa.selenium.support.ui.ExpectedConditions$23.apply(ExpectedConditions.java:656)
at org.openqa.selenium.support.ui.FluentWait.until(FluentWait.java:208)
... 30 more
]]>
            </full-stacktrace>
          </exception> <!-- org.openqa.selenium.TimeoutException -->
          <reporter-output>
          </reporter-output>
        </test-method> <!-- tc_16_createNewTrip -->
        <test-method status="PASS" signature="failedTest(org.testng.ITestResult)[pri:0, instance:tests.MyTripsTest@70e659aa]" name="failedTest" is-config="true" duration-ms="644" started-at="2023-01-19T21:39:48 IST" finished-at="2023-01-19T21:39:49 IST">
          <params>
            <param index="0">
              <value>
                <![CDATA[[TestResult name=tc_16_createNewTrip status=FAILURE method=MyTripsTest.tc_16_createNewTrip()[pri:0, instance:tests.MyTripsTest@70e659aa] output={null}]]]>
              </value>
            </param>
          </params>
          <reporter-output>
          </reporter-output>
        </test-method> <!-- failedTest -->
        <test-method status="PASS" signature="tearDown()[pri:0, instance:tests.MyTripsTest@70e659aa]" name="tearDown" is-config="true" duration-ms="155" started-at="2023-01-19T21:39:49 IST" finished-at="2023-01-19T21:39:49 IST">
          <reporter-output>
          </reporter-output>
        </test-method> <!-- tearDown -->
      </class> <!-- tests.MyTripsTest -->
      <class name="tests.FlightsTest">
        <test-method status="PASS" signature="setup()[pri:0, instance:tests.FlightsTest@285f09de]" name="setup" is-config="true" duration-ms="141363" started-at="2023-01-19T21:40:35 IST" finished-at="2023-01-19T21:42:56 IST">
          <reporter-output>
          </reporter-output>
        </test-method> <!-- setup -->
        <test-method status="PASS" signature="tc_09_goToFlightsService()[pri:0, instance:tests.FlightsTest@285f09de]" name="tc_09_goToFlightsService" duration-ms="23281" started-at="2023-01-19T21:42:56 IST" finished-at="2023-01-19T21:43:19 IST">
          <reporter-output>
          </reporter-output>
        </test-method> <!-- tc_09_goToFlightsService -->
        <test-method status="PASS" signature="failedTest(org.testng.ITestResult)[pri:0, instance:tests.FlightsTest@285f09de]" name="failedTest" is-config="true" duration-ms="1" started-at="2023-01-19T21:43:19 IST" finished-at="2023-01-19T21:43:19 IST">
          <params>
            <param index="0">
              <value>
                <![CDATA[[TestResult name=tc_09_goToFlightsService status=SUCCESS method=FlightsTest.tc_09_goToFlightsService()[pri:0, instance:tests.FlightsTest@285f09de] output={null}]]]>
              </value>
            </param>
          </params>
          <reporter-output>
          </reporter-output>
        </test-method> <!-- failedTest -->
        <test-method status="PASS" signature="tearDown()[pri:0, instance:tests.FlightsTest@285f09de]" name="tearDown" is-config="true" duration-ms="213" started-at="2023-01-19T21:43:19 IST" finished-at="2023-01-19T21:43:20 IST">
          <reporter-output>
          </reporter-output>
        </test-method> <!-- tearDown -->
      </class> <!-- tests.FlightsTest -->
    </test> <!-- Test -->
  </suite> <!-- Suite -->
</testng-results>
